<?xml version="1.0" encoding="UTF-8"?>
<coverage generated="1682965721719" clover="3.2.0">
  <project timestamp="1682965721720" name="All files">
    <metrics statements="5" coveredstatements="5" conditionals="1" coveredconditionals="1" methods="5" coveredmethods="5" elements="11" coveredelements="11" complexity="0" loc="5" ncloc="5" packages="1" files="1" classes="1"/>
    <file name="classes.ts" path="D:\Project\tmsProject\hw17\src\classes.ts">
      <metrics statements="5" coveredstatements="5" conditionals="1" coveredconditionals="1" methods="5" coveredmethods="5"/>
      <line num="1" count="1" type="stmt"/>
      <line num="3" count="3" type="stmt"/>
      <line num="4" count="2" type="stmt"/>
      <line num="5" count="2" type="stmt"/>
      <line num="6" count="3" type="cond" truecount="1" falsecount="0"/>
    </file>
  </project>
</coverage>
