{"D:\\Project\\tmsProject\\hw17\\src\\classes.ts": {"path":"D:\\Project\\tmsProject\\hw17\\src\\classes.ts","statementMap":{"0":{"start":{"line":3,"column":62},"end":{"line":3,"column":81}},"1":{"start":{"line":4,"column":67},"end":{"line":4,"column":88}},"2":{"start":{"line":5,"column":72},"end":{"line":5,"column":95}},"3":{"start":{"line":6,"column":68},"end":{"line":6,"column":117}},"4":{"start":{"line":6,"column":86},"end":{"line":6,"column":117}},"5":{"start":{"line":6,"column":118},"end":{"line":6,"column":null}},"6":{"start":{"line":1,"column":0},"end":{"line":1,"column":13}}},"fnMap":{"0":{"name":"(anonymous_0)","decl":{"start":{"line":2,"column":4},"end":{"line":2,"column":20}},"loc":{"start":{"line":2,"column":4},"end":{"line":2,"column":21}}},"1":{"name":"(anonymous_1)","decl":{"start":{"line":3,"column":11},"end":{"line":3,"column":31}},"loc":{"start":{"line":3,"column":58},"end":{"line":3,"column":82}}},"2":{"name":"(anonymous_2)","decl":{"start":{"line":4,"column":11},"end":{"line":4,"column":34}},"loc":{"start":{"line":4,"column":63},"end":{"line":4,"column":89}}},"3":{"name":"(anonymous_3)","decl":{"start":{"line":5,"column":11},"end":{"line":5,"column":37}},"loc":{"start":{"line":5,"column":68},"end":{"line":5,"column":96}}},"4":{"name":"(anonymous_4)","decl":{"start":{"line":6,"column":11},"end":{"line":6,"column":31}},"loc":{"start":{"line":6,"column":64},"end":{"line":7,"column":1}}}},"branchMap":{"0":{"loc":{"start":{"line":6,"column":68},"end":{"line":6,"column":117}},"type":"if","locations":[{"start":{"line":6,"column":68},"end":{"line":6,"column":117}}]}},"s":{"0":3,"1":2,"2":2,"3":3,"4":1,"5":2,"6":1},"f":{"0":1,"1":3,"2":2,"3":2,"4":3},"b":{"0":[1]}}
}
